2021-10-16 15:15:04.460 INFO [main]com.sss.yunweiadmin.ServletInitializer.logStarting:55 -Starting ServletInitializer v1.0 using Java 1.8.0_172 on CN-20191003CFKL with PID 3488 (D:\apache-tomcat-9.0.8\webapps\yunwei\WEB-INF\classes started by Administrator in D:\apache-tomcat-9.0.8\bin)
2021-10-16 15:15:04.470 INFO [main]com.sss.yunweiadmin.ServletInitializer.logStartupProfileInfo:660 -No active profile set, falling back to default profiles: default
2021-10-16 15:15:16.924 INFO [main]o.s.b.w.s.context.ServletWebServerApplicationContext.prepareWebApplicationContext:289 -Root WebApplicationContext: initialization completed in 12112 ms
2021-10-16 15:15:27.010 INFO [main]org.springframework.boot.web.servlet.RegistrationBean.register:110 -Servlet UReportServlet was not registered (possibly already registered?)
2021-10-16 15:15:39.612 INFO [main]o.s.scheduling.concurrent.ThreadPoolTaskExecutor.initialize:181 -Initializing ExecutorService 'applicationTaskExecutor'
2021-10-16 15:15:41.984 INFO [main]com.alibaba.druid.pool.DruidDataSource.init:985 -{dataSource-1} inited
2021-10-16 15:15:52.628 INFO [main]o.a.e.c.DefaultActiviti5CompatibilityHandlerFactory.createActiviti5CompatibilityHandler:38 -Activiti 5 compatibility handler implementation not found or error during instantiation : org.activiti.compatibility.DefaultActiviti5CompatibilityHandler. Activiti 5 backwards compatibility disabled.
2021-10-16 15:15:58.307 INFO [main]org.activiti.engine.impl.ProcessEngineImpl.<init>:87 -ProcessEngine default created
2021-10-16 15:16:32.906 INFO [main]com.sss.yunweiadmin.ServletInitializer.logStarted:61 -Started ServletInitializer in 93.545 seconds (JVM running for 232.402)
2021-10-16 15:19:34.819 INFO [http-nio-8088-exec-1]org.springframework.web.servlet.DispatcherServlet.initServletBean:525 -Initializing Servlet 'dispatcherServlet'
2021-10-16 15:19:36.548 INFO [http-nio-8088-exec-1]org.springframework.web.servlet.DispatcherServlet.initServletBean:547 -Completed initialization in 1408 ms
2021-10-16 15:19:47.749 WARN [http-nio-8088-exec-1]com.alibaba.druid.pool.DruidAbstractDataSource.testConnectionInternal:1489 -discard long time none received connection. , jdbcUrl : jdbc:mysql://localhost:3306/yunwei1?useUnicode=true&characterEncoding=utf-8&useSSL=true&serverTimezone=Asia/Shanghai&nullCatalogMeansCurrent=true, version : 1.2.4, lastPacketReceivedIdleMillis : 228673
2021-10-16 15:25:45.469 WARN [http-nio-8088-exec-5]com.alibaba.druid.pool.DruidAbstractDataSource.testConnectionInternal:1489 -discard long time none received connection. , jdbcUrl : jdbc:mysql://localhost:3306/yunwei1?useUnicode=true&characterEncoding=utf-8&useSSL=true&serverTimezone=Asia/Shanghai&nullCatalogMeansCurrent=true, version : 1.2.4, lastPacketReceivedIdleMillis : 315048
2021-10-16 15:25:46.518 WARN [http-nio-8088-exec-5]com.alibaba.druid.pool.DruidAbstractDataSource.testConnectionInternal:1489 -discard long time none received connection. , jdbcUrl : jdbc:mysql://localhost:3306/yunwei1?useUnicode=true&characterEncoding=utf-8&useSSL=true&serverTimezone=Asia/Shanghai&nullCatalogMeansCurrent=true, version : 1.2.4, lastPacketReceivedIdleMillis : 316244
2021-10-16 15:25:46.520 WARN [http-nio-8088-exec-5]com.alibaba.druid.pool.DruidAbstractDataSource.testConnectionInternal:1489 -discard long time none received connection. , jdbcUrl : jdbc:mysql://localhost:3306/yunwei1?useUnicode=true&characterEncoding=utf-8&useSSL=true&serverTimezone=Asia/Shanghai&nullCatalogMeansCurrent=true, version : 1.2.4, lastPacketReceivedIdleMillis : 316247
2021-10-16 15:25:46.528 WARN [http-nio-8088-exec-5]com.alibaba.druid.pool.DruidAbstractDataSource.testConnectionInternal:1489 -discard long time none received connection. , jdbcUrl : jdbc:mysql://localhost:3306/yunwei1?useUnicode=true&characterEncoding=utf-8&useSSL=true&serverTimezone=Asia/Shanghai&nullCatalogMeansCurrent=true, version : 1.2.4, lastPacketReceivedIdleMillis : 316255
2021-10-16 15:25:46.533 WARN [http-nio-8088-exec-5]com.alibaba.druid.pool.DruidAbstractDataSource.testConnectionInternal:1489 -discard long time none received connection. , jdbcUrl : jdbc:mysql://localhost:3306/yunwei1?useUnicode=true&characterEncoding=utf-8&useSSL=true&serverTimezone=Asia/Shanghai&nullCatalogMeansCurrent=true, version : 1.2.4, lastPacketReceivedIdleMillis : 316260
2021-10-16 17:09:07.546 INFO [main]com.sss.yunweiadmin.ServletInitializer.logStarting:55 -Starting ServletInitializer v1.0 using Java 1.8.0_172 on CN-20191003CFKL with PID 5964 (D:\apache-tomcat-9.0.8\webapps\yunwei\WEB-INF\classes started by Administrator in D:\apache-tomcat-9.0.8\bin)
2021-10-16 17:09:07.587 INFO [main]com.sss.yunweiadmin.ServletInitializer.logStartupProfileInfo:660 -No active profile set, falling back to default profiles: default
2021-10-16 17:09:34.426 INFO [main]o.s.b.w.s.context.ServletWebServerApplicationContext.prepareWebApplicationContext:289 -Root WebApplicationContext: initialization completed in 25661 ms
2021-10-16 17:09:40.130 INFO [main]org.springframework.boot.web.servlet.RegistrationBean.register:110 -Servlet UReportServlet was not registered (possibly already registered?)
2021-10-16 17:09:51.052 INFO [main]o.s.scheduling.concurrent.ThreadPoolTaskExecutor.initialize:181 -Initializing ExecutorService 'applicationTaskExecutor'
2021-10-16 17:09:53.278 INFO [main]com.alibaba.druid.pool.DruidDataSource.init:985 -{dataSource-1} inited
2021-10-16 17:09:58.357 INFO [main]o.a.e.c.DefaultActiviti5CompatibilityHandlerFactory.createActiviti5CompatibilityHandler:38 -Activiti 5 compatibility handler implementation not found or error during instantiation : org.activiti.compatibility.DefaultActiviti5CompatibilityHandler. Activiti 5 backwards compatibility disabled.
2021-10-16 17:10:03.735 INFO [main]org.activiti.engine.impl.ProcessEngineImpl.<init>:87 -ProcessEngine default created
2021-10-16 17:10:18.659 INFO [main]com.sss.yunweiadmin.ServletInitializer.logStarted:61 -Started ServletInitializer in 92.327 seconds (JVM running for 161.709)
2021-10-16 17:12:25.945 INFO [http-nio-8088-exec-1]org.springframework.web.servlet.DispatcherServlet.initServletBean:525 -Initializing Servlet 'dispatcherServlet'
2021-10-16 17:12:26.144 INFO [http-nio-8088-exec-1]org.springframework.web.servlet.DispatcherServlet.initServletBean:547 -Completed initialization in 89 ms
2021-10-16 17:12:29.325 WARN [http-nio-8088-exec-1]com.alibaba.druid.pool.DruidAbstractDataSource.testConnectionInternal:1489 -discard long time none received connection. , jdbcUrl : jdbc:mysql://localhost:3306/yunwei1?useUnicode=true&characterEncoding=utf-8&useSSL=true&serverTimezone=Asia/Shanghai&nullCatalogMeansCurrent=true, version : 1.2.4, lastPacketReceivedIdleMillis : 145263
2021-10-16 17:18:36.487 WARN [http-nio-8088-exec-1]com.alibaba.druid.pool.DruidAbstractDataSource.testConnectionInternal:1489 -discard long time none received connection. , jdbcUrl : jdbc:mysql://localhost:3306/yunwei1?useUnicode=true&characterEncoding=utf-8&useSSL=true&serverTimezone=Asia/Shanghai&nullCatalogMeansCurrent=true, version : 1.2.4, lastPacketReceivedIdleMillis : 320543
2021-10-16 17:18:36.490 WARN [http-nio-8088-exec-1]com.alibaba.druid.pool.DruidAbstractDataSource.testConnectionInternal:1489 -discard long time none received connection. , jdbcUrl : jdbc:mysql://localhost:3306/yunwei1?useUnicode=true&characterEncoding=utf-8&useSSL=true&serverTimezone=Asia/Shanghai&nullCatalogMeansCurrent=true, version : 1.2.4, lastPacketReceivedIdleMillis : 320551
2021-10-16 17:18:36.492 WARN [http-nio-8088-exec-1]com.alibaba.druid.pool.DruidAbstractDataSource.testConnectionInternal:1489 -discard long time none received connection. , jdbcUrl : jdbc:mysql://localhost:3306/yunwei1?useUnicode=true&characterEncoding=utf-8&useSSL=true&serverTimezone=Asia/Shanghai&nullCatalogMeansCurrent=true, version : 1.2.4, lastPacketReceivedIdleMillis : 360779
2021-10-16 17:18:36.494 WARN [http-nio-8088-exec-1]com.alibaba.druid.pool.DruidAbstractDataSource.testConnectionInternal:1489 -discard long time none received connection. , jdbcUrl : jdbc:mysql://localhost:3306/yunwei1?useUnicode=true&characterEncoding=utf-8&useSSL=true&serverTimezone=Asia/Shanghai&nullCatalogMeansCurrent=true, version : 1.2.4, lastPacketReceivedIdleMillis : 361354
2021-10-16 17:18:37.267 WARN [http-nio-8088-exec-3]com.alibaba.druid.pool.DruidAbstractDataSource.testConnectionInternal:1489 -discard long time none received connection. , jdbcUrl : jdbc:mysql://localhost:3306/yunwei1?useUnicode=true&characterEncoding=utf-8&useSSL=true&serverTimezone=Asia/Shanghai&nullCatalogMeansCurrent=true, version : 1.2.4, lastPacketReceivedIdleMillis : 362124
