2021-10-11 09:35:42.323 INFO [main]com.sss.yunweiadmin.ServletInitializer.logStarting:55 -Starting ServletInitializer using Java 1.8.0_172 on CN-20191003CFKL with PID 12724 (D:\apache-tomcat-9.0.8\webapps\yunwei\WEB-INF\classes started by Administrator in D:\apache-tomcat-9.0.8\bin)
2021-10-11 09:35:42.334 INFO [main]com.sss.yunweiadmin.ServletInitializer.logStartupProfileInfo:660 -No active profile set, falling back to default profiles: default
2021-10-11 09:35:47.117 INFO [main]o.s.b.w.s.context.ServletWebServerApplicationContext.prepareWebApplicationContext:289 -Root WebApplicationContext: initialization completed in 4590 ms
2021-10-11 09:35:48.701 INFO [main]org.springframework.boot.web.servlet.RegistrationBean.register:110 -Servlet UReportServlet was not registered (possibly already registered?)
2021-10-11 09:35:53.272 INFO [main]o.s.scheduling.concurrent.ThreadPoolTaskExecutor.initialize:181 -Initializing ExecutorService 'applicationTaskExecutor'
2021-10-11 09:35:53.974 INFO [main]com.alibaba.druid.pool.DruidDataSource.init:985 -{dataSource-1} inited
2021-10-11 09:35:55.664 INFO [main]o.a.e.c.DefaultActiviti5CompatibilityHandlerFactory.createActiviti5CompatibilityHandler:38 -Activiti 5 compatibility handler implementation not found or error during instantiation : org.activiti.compatibility.DefaultActiviti5CompatibilityHandler. Activiti 5 backwards compatibility disabled.
2021-10-11 09:35:56.230 INFO [main]org.activiti.engine.impl.ProcessEngineImpl.<init>:87 -ProcessEngine default created
2021-10-11 09:36:02.330 INFO [main]com.sss.yunweiadmin.ServletInitializer.logStarted:61 -Started ServletInitializer in 22.109 seconds (JVM running for 62.633)
2021-10-11 09:42:13.346 INFO [http-nio-8080-exec-1]org.springframework.web.servlet.DispatcherServlet.initServletBean:525 -Initializing Servlet 'dispatcherServlet'
2021-10-11 09:42:13.635 INFO [http-nio-8080-exec-1]org.springframework.web.servlet.DispatcherServlet.initServletBean:547 -Completed initialization in 191 ms
2021-10-11 09:42:16.622 WARN [http-nio-8080-exec-1]com.alibaba.druid.pool.DruidAbstractDataSource.testConnectionInternal:1489 -discard long time none received connection. , jdbcUrl : jdbc:mysql://localhost:3306/yunwei?useUnicode=true&characterEncoding=utf-8&useSSL=true&serverTimezone=Asia/Shanghai&nullCatalogMeansCurrent=true, version : 1.2.4, lastPacketReceivedIdleMillis : 379956
2021-10-11 09:46:48.641 WARN [http-nio-8080-exec-3]com.alibaba.druid.pool.DruidAbstractDataSource.testConnectionInternal:1489 -discard long time none received connection. , jdbcUrl : jdbc:mysql://localhost:3306/yunwei?useUnicode=true&characterEncoding=utf-8&useSSL=true&serverTimezone=Asia/Shanghai&nullCatalogMeansCurrent=true, version : 1.2.4, lastPacketReceivedIdleMillis : 270660
2021-10-11 09:50:51.498 INFO [main]com.sss.yunweiadmin.YunweiAdminApplicationTests.logStarting:55 -Starting YunweiAdminApplicationTests using Java 1.8.0_172 on CN-20191003CFKL with PID 6984 (started by Administrator in E:\project\yunwei-admin(历史版本，含SQL)\yunwei-admin（改成noform前）)
2021-10-11 09:50:51.579 INFO [main]com.sss.yunweiadmin.YunweiAdminApplicationTests.logStartupProfileInfo:660 -No active profile set, falling back to default profiles: default
2021-10-11 09:51:03.528 INFO [main]o.s.scheduling.concurrent.ThreadPoolTaskExecutor.initialize:181 -Initializing ExecutorService 'applicationTaskExecutor'
2021-10-11 09:51:05.093 INFO [main]com.alibaba.druid.pool.DruidDataSource.init:985 -{dataSource-1} inited
2021-10-11 09:51:07.846 INFO [main]o.a.e.c.DefaultActiviti5CompatibilityHandlerFactory.createActiviti5CompatibilityHandler:38 -Activiti 5 compatibility handler implementation not found or error during instantiation : org.activiti.compatibility.DefaultActiviti5CompatibilityHandler. Activiti 5 backwards compatibility disabled.
2021-10-11 09:51:09.147 INFO [main]org.activiti.engine.impl.ProcessEngineImpl.<init>:87 -ProcessEngine default created
2021-10-11 09:56:47.769 INFO [main]com.sss.yunweiadmin.YunweiAdminApplicationTests.logStarting:55 -Starting YunweiAdminApplicationTests using Java 1.8.0_172 on CN-20191003CFKL with PID 3168 (started by Administrator in E:\project\yunwei-admin(历史版本，含SQL)\yunwei-admin（改成noform前）)
2021-10-11 09:56:47.829 INFO [main]com.sss.yunweiadmin.YunweiAdminApplicationTests.logStartupProfileInfo:660 -No active profile set, falling back to default profiles: default
2021-10-11 09:57:02.407 INFO [main]o.s.scheduling.concurrent.ThreadPoolTaskExecutor.initialize:181 -Initializing ExecutorService 'applicationTaskExecutor'
2021-10-11 09:57:04.409 INFO [main]com.alibaba.druid.pool.DruidDataSource.init:985 -{dataSource-1} inited
2021-10-11 09:57:07.950 INFO [main]o.a.e.c.DefaultActiviti5CompatibilityHandlerFactory.createActiviti5CompatibilityHandler:38 -Activiti 5 compatibility handler implementation not found or error during instantiation : org.activiti.compatibility.DefaultActiviti5CompatibilityHandler. Activiti 5 backwards compatibility disabled.
2021-10-11 09:57:08.810 INFO [main]org.activiti.engine.impl.ProcessEngineImpl.<init>:87 -ProcessEngine default created
2021-10-11 09:57:21.477 INFO [main]com.sss.yunweiadmin.YunweiAdminApplicationTests.logStarted:61 -Started YunweiAdminApplicationTests in 35.129 seconds (JVM running for 44.986)
2021-10-11 09:57:24.899 INFO [SpringContextShutdownHook]o.s.scheduling.concurrent.ThreadPoolTaskExecutor.shutdown:218 -Shutting down ExecutorService 'applicationTaskExecutor'
2021-10-11 09:57:24.904 INFO [SpringContextShutdownHook]com.alibaba.druid.pool.DruidDataSource.close:2032 -{dataSource-1} closing ...
2021-10-11 09:57:25.021 INFO [SpringContextShutdownHook]com.alibaba.druid.pool.DruidDataSource.close:2104 -{dataSource-1} closed
2021-10-11 13:46:00.793 INFO [main]com.sss.yunweiadmin.ServletInitializer.logStarting:55 -Starting ServletInitializer v1.0 using Java 1.8.0_172 on CN-20191003CFKL with PID 7484 (D:\apache-tomcat-9.0.8\webapps\yunwei-admin-1.0\WEB-INF\classes started by Administrator in D:\apache-tomcat-9.0.8\bin)
2021-10-11 13:46:00.819 INFO [main]com.sss.yunweiadmin.ServletInitializer.logStartupProfileInfo:660 -No active profile set, falling back to default profiles: default
2021-10-11 13:46:04.531 INFO [main]o.s.b.w.s.context.ServletWebServerApplicationContext.prepareWebApplicationContext:289 -Root WebApplicationContext: initialization completed in 3534 ms
2021-10-11 13:46:06.261 INFO [main]org.springframework.boot.web.servlet.RegistrationBean.register:110 -Servlet UReportServlet was not registered (possibly already registered?)
2021-10-11 13:46:10.238 INFO [main]o.s.scheduling.concurrent.ThreadPoolTaskExecutor.initialize:181 -Initializing ExecutorService 'applicationTaskExecutor'
2021-10-11 13:46:10.953 INFO [main]com.alibaba.druid.pool.DruidDataSource.init:985 -{dataSource-1} inited
2021-10-11 13:46:12.555 INFO [main]o.a.e.c.DefaultActiviti5CompatibilityHandlerFactory.createActiviti5CompatibilityHandler:38 -Activiti 5 compatibility handler implementation not found or error during instantiation : org.activiti.compatibility.DefaultActiviti5CompatibilityHandler. Activiti 5 backwards compatibility disabled.
2021-10-11 13:46:12.825 INFO [main]org.activiti.engine.impl.ProcessEngineImpl.<init>:87 -ProcessEngine default created
2021-10-11 13:46:18.640 INFO [main]com.sss.yunweiadmin.ServletInitializer.logStarted:61 -Started ServletInitializer in 19.537 seconds (JVM running for 46.503)
2021-10-11 13:47:07.204 INFO [ContainerBackgroundProcessor[StandardEngine[Catalina]]]com.sss.yunweiadmin.ServletInitializer.logStarting:55 -Starting ServletInitializer using Java 1.8.0_172 on CN-20191003CFKL with PID 7484 (D:\apache-tomcat-9.0.8\webapps\yunwei\WEB-INF\classes started by Administrator in D:\apache-tomcat-9.0.8\bin)
2021-10-11 13:47:07.214 INFO [ContainerBackgroundProcessor[StandardEngine[Catalina]]]com.sss.yunweiadmin.ServletInitializer.logStartupProfileInfo:660 -No active profile set, falling back to default profiles: default
2021-10-11 13:47:10.155 INFO [ContainerBackgroundProcessor[StandardEngine[Catalina]]]o.s.b.w.s.context.ServletWebServerApplicationContext.prepareWebApplicationContext:289 -Root WebApplicationContext: initialization completed in 2812 ms
2021-10-11 13:47:11.342 INFO [ContainerBackgroundProcessor[StandardEngine[Catalina]]]org.springframework.boot.web.servlet.RegistrationBean.register:110 -Servlet UReportServlet was not registered (possibly already registered?)
2021-10-11 13:47:13.709 INFO [ContainerBackgroundProcessor[StandardEngine[Catalina]]]o.s.scheduling.concurrent.ThreadPoolTaskExecutor.initialize:181 -Initializing ExecutorService 'applicationTaskExecutor'
2021-10-11 13:47:14.241 INFO [ContainerBackgroundProcessor[StandardEngine[Catalina]]]com.alibaba.druid.pool.DruidDataSource.init:985 -{dataSource-1} inited
2021-10-11 13:47:15.717 INFO [ContainerBackgroundProcessor[StandardEngine[Catalina]]]o.a.e.c.DefaultActiviti5CompatibilityHandlerFactory.createActiviti5CompatibilityHandler:38 -Activiti 5 compatibility handler implementation not found or error during instantiation : org.activiti.compatibility.DefaultActiviti5CompatibilityHandler. Activiti 5 backwards compatibility disabled.
2021-10-11 13:47:15.986 INFO [ContainerBackgroundProcessor[StandardEngine[Catalina]]]org.activiti.engine.impl.ProcessEngineImpl.<init>:87 -ProcessEngine default created
2021-10-11 13:47:20.709 INFO [ContainerBackgroundProcessor[StandardEngine[Catalina]]]com.sss.yunweiadmin.ServletInitializer.logStarted:61 -Started ServletInitializer in 14.839 seconds (JVM running for 108.572)
2021-10-11 13:48:56.738 WARN [ContainerBackgroundProcessor[StandardEngine[Catalina]]]o.s.beans.factory.support.DisposableBeanAdapter.destroy:267 -Invocation of destroy method failed on bean with name 'processEngine': java.lang.IllegalStateException: java.io.FileNotFoundException: D:\apache-tomcat-9.0.8\webapps\yunwei\WEB-INF\lib\activiti-bpmn-converter-6.0.0.jar (系统找不到指定的路径。)
2021-10-11 13:48:56.743 INFO [ContainerBackgroundProcessor[StandardEngine[Catalina]]]o.s.scheduling.concurrent.ThreadPoolTaskExecutor.shutdown:218 -Shutting down ExecutorService 'applicationTaskExecutor'
2021-10-11 13:48:56.749 INFO [ContainerBackgroundProcessor[StandardEngine[Catalina]]]com.alibaba.druid.pool.DruidDataSource.close:2032 -{dataSource-1} closing ...
2021-10-11 13:48:56.751 WARN [ContainerBackgroundProcessor[StandardEngine[Catalina]]]o.s.beans.factory.support.DisposableBeanAdapter.invokeCustomDestroyMethod:349 -Destroy method 'close' on bean with name 'druidDataSource' threw an exception: java.lang.IllegalStateException: java.io.FileNotFoundException: D:\apache-tomcat-9.0.8\webapps\yunwei\WEB-INF\lib\activiti-bpmn-converter-6.0.0.jar (系统找不到指定的路径。)
2021-10-11 13:49:13.890 INFO [ContainerBackgroundProcessor[StandardEngine[Catalina]]]com.sss.yunweiadmin.ServletInitializer.logStarting:55 -Starting ServletInitializer using Java 1.8.0_172 on CN-20191003CFKL with PID 7484 (D:\apache-tomcat-9.0.8\webapps\yunwei1\WEB-INF\classes started by Administrator in D:\apache-tomcat-9.0.8\bin)
2021-10-11 13:49:13.896 INFO [ContainerBackgroundProcessor[StandardEngine[Catalina]]]com.sss.yunweiadmin.ServletInitializer.logStartupProfileInfo:660 -No active profile set, falling back to default profiles: default
2021-10-11 13:49:18.081 INFO [ContainerBackgroundProcessor[StandardEngine[Catalina]]]o.s.b.w.s.context.ServletWebServerApplicationContext.prepareWebApplicationContext:289 -Root WebApplicationContext: initialization completed in 4075 ms
2021-10-11 13:49:19.968 INFO [ContainerBackgroundProcessor[StandardEngine[Catalina]]]org.springframework.boot.web.servlet.RegistrationBean.register:110 -Servlet UReportServlet was not registered (possibly already registered?)
2021-10-11 13:49:22.757 INFO [ContainerBackgroundProcessor[StandardEngine[Catalina]]]o.s.scheduling.concurrent.ThreadPoolTaskExecutor.initialize:181 -Initializing ExecutorService 'applicationTaskExecutor'
2021-10-11 13:49:23.578 INFO [ContainerBackgroundProcessor[StandardEngine[Catalina]]]com.alibaba.druid.pool.DruidDataSource.init:985 -{dataSource-1} inited
2021-10-11 13:49:24.809 INFO [ContainerBackgroundProcessor[StandardEngine[Catalina]]]o.a.e.c.DefaultActiviti5CompatibilityHandlerFactory.createActiviti5CompatibilityHandler:38 -Activiti 5 compatibility handler implementation not found or error during instantiation : org.activiti.compatibility.DefaultActiviti5CompatibilityHandler. Activiti 5 backwards compatibility disabled.
2021-10-11 13:49:25.470 INFO [ContainerBackgroundProcessor[StandardEngine[Catalina]]]org.activiti.engine.impl.ProcessEngineImpl.<init>:87 -ProcessEngine default created
2021-10-11 13:49:32.377 INFO [ContainerBackgroundProcessor[StandardEngine[Catalina]]]com.sss.yunweiadmin.ServletInitializer.logStarted:61 -Started ServletInitializer in 20.089 seconds (JVM running for 240.239)
2021-10-11 13:49:44.621 WARN [ContainerBackgroundProcessor[StandardEngine[Catalina]]]o.s.beans.factory.support.DisposableBeanAdapter.destroy:267 -Invocation of destroy method failed on bean with name 'processEngine': java.lang.IllegalStateException: java.io.FileNotFoundException: D:\apache-tomcat-9.0.8\webapps\yunwei-admin-1.0\WEB-INF\lib\activiti-bpmn-converter-6.0.0.jar (系统找不到指定的路径。)
2021-10-11 13:49:44.625 INFO [ContainerBackgroundProcessor[StandardEngine[Catalina]]]o.s.scheduling.concurrent.ThreadPoolTaskExecutor.shutdown:218 -Shutting down ExecutorService 'applicationTaskExecutor'
2021-10-11 13:49:44.637 INFO [ContainerBackgroundProcessor[StandardEngine[Catalina]]]com.alibaba.druid.pool.DruidDataSource.close:2032 -{dataSource-1} closing ...
2021-10-11 13:49:44.639 WARN [ContainerBackgroundProcessor[StandardEngine[Catalina]]]o.s.beans.factory.support.DisposableBeanAdapter.invokeCustomDestroyMethod:349 -Destroy method 'close' on bean with name 'druidDataSource' threw an exception: java.lang.IllegalStateException: java.io.FileNotFoundException: D:\apache-tomcat-9.0.8\webapps\yunwei-admin-1.0\WEB-INF\lib\activiti-bpmn-converter-6.0.0.jar (系统找不到指定的路径。)
2021-10-11 13:50:09.424 INFO [ContainerBackgroundProcessor[StandardEngine[Catalina]]]com.sss.yunweiadmin.ServletInitializer.logStarting:55 -Starting ServletInitializer v1.0 using Java 1.8.0_172 on CN-20191003CFKL with PID 7484 (D:\apache-tomcat-9.0.8\webapps\yunwei-admin-1.0\WEB-INF\classes started by Administrator in D:\apache-tomcat-9.0.8\bin)
2021-10-11 13:50:09.432 INFO [ContainerBackgroundProcessor[StandardEngine[Catalina]]]com.sss.yunweiadmin.ServletInitializer.logStartupProfileInfo:660 -No active profile set, falling back to default profiles: default
2021-10-11 13:50:11.844 INFO [ContainerBackgroundProcessor[StandardEngine[Catalina]]]o.s.b.w.s.context.ServletWebServerApplicationContext.prepareWebApplicationContext:289 -Root WebApplicationContext: initialization completed in 2311 ms
2021-10-11 13:50:13.185 INFO [ContainerBackgroundProcessor[StandardEngine[Catalina]]]org.springframework.boot.web.servlet.RegistrationBean.register:110 -Servlet UReportServlet was not registered (possibly already registered?)
2021-10-11 13:50:15.550 INFO [ContainerBackgroundProcessor[StandardEngine[Catalina]]]o.s.scheduling.concurrent.ThreadPoolTaskExecutor.initialize:181 -Initializing ExecutorService 'applicationTaskExecutor'
2021-10-11 13:50:15.967 INFO [ContainerBackgroundProcessor[StandardEngine[Catalina]]]com.alibaba.druid.pool.DruidDataSource.init:985 -{dataSource-1} inited
2021-10-11 13:50:17.165 INFO [ContainerBackgroundProcessor[StandardEngine[Catalina]]]o.a.e.c.DefaultActiviti5CompatibilityHandlerFactory.createActiviti5CompatibilityHandler:38 -Activiti 5 compatibility handler implementation not found or error during instantiation : org.activiti.compatibility.DefaultActiviti5CompatibilityHandler. Activiti 5 backwards compatibility disabled.
2021-10-11 13:50:17.368 INFO [ContainerBackgroundProcessor[StandardEngine[Catalina]]]org.activiti.engine.impl.ProcessEngineImpl.<init>:87 -ProcessEngine default created
2021-10-11 13:50:22.024 INFO [ContainerBackgroundProcessor[StandardEngine[Catalina]]]com.sss.yunweiadmin.ServletInitializer.logStarted:61 -Started ServletInitializer in 13.65 seconds (JVM running for 289.885)
2021-10-11 13:50:39.049 INFO [ContainerBackgroundProcessor[StandardEngine[Catalina]]]com.sss.yunweiadmin.ServletInitializer.logStarting:55 -Starting ServletInitializer v1.0 using Java 1.8.0_172 on CN-20191003CFKL with PID 7484 (D:\apache-tomcat-9.0.8\webapps\yunwei\WEB-INF\classes started by Administrator in D:\apache-tomcat-9.0.8\bin)
2021-10-11 13:50:39.055 INFO [ContainerBackgroundProcessor[StandardEngine[Catalina]]]com.sss.yunweiadmin.ServletInitializer.logStartupProfileInfo:660 -No active profile set, falling back to default profiles: default
2021-10-11 13:50:41.452 INFO [ContainerBackgroundProcessor[StandardEngine[Catalina]]]o.s.b.w.s.context.ServletWebServerApplicationContext.prepareWebApplicationContext:289 -Root WebApplicationContext: initialization completed in 2308 ms
2021-10-11 13:50:42.704 INFO [ContainerBackgroundProcessor[StandardEngine[Catalina]]]org.springframework.boot.web.servlet.RegistrationBean.register:110 -Servlet UReportServlet was not registered (possibly already registered?)
2021-10-11 13:50:45.236 INFO [ContainerBackgroundProcessor[StandardEngine[Catalina]]]o.s.scheduling.concurrent.ThreadPoolTaskExecutor.initialize:181 -Initializing ExecutorService 'applicationTaskExecutor'
2021-10-11 13:50:45.632 INFO [ContainerBackgroundProcessor[StandardEngine[Catalina]]]com.alibaba.druid.pool.DruidDataSource.init:985 -{dataSource-1} inited
2021-10-11 13:50:46.622 INFO [ContainerBackgroundProcessor[StandardEngine[Catalina]]]o.a.e.c.DefaultActiviti5CompatibilityHandlerFactory.createActiviti5CompatibilityHandler:38 -Activiti 5 compatibility handler implementation not found or error during instantiation : org.activiti.compatibility.DefaultActiviti5CompatibilityHandler. Activiti 5 backwards compatibility disabled.
2021-10-11 13:50:46.809 INFO [ContainerBackgroundProcessor[StandardEngine[Catalina]]]org.activiti.engine.impl.ProcessEngineImpl.<init>:87 -ProcessEngine default created
2021-10-11 13:50:52.659 INFO [ContainerBackgroundProcessor[StandardEngine[Catalina]]]com.sss.yunweiadmin.ServletInitializer.logStarted:61 -Started ServletInitializer in 14.536 seconds (JVM running for 320.521)
2021-10-11 13:56:52.633 INFO [main]com.sss.yunweiadmin.ServletInitializer.logStarting:55 -Starting ServletInitializer v1.0 using Java 1.8.0_172 on CN-20191003CFKL with PID 2792 (D:\apache-tomcat-9.0.8\webapps\yunwei-admin-1.0\WEB-INF\classes started by Administrator in D:\apache-tomcat-9.0.8\bin)
2021-10-11 13:56:52.658 INFO [main]com.sss.yunweiadmin.ServletInitializer.logStartupProfileInfo:660 -No active profile set, falling back to default profiles: default
2021-10-11 13:56:55.727 INFO [main]o.s.b.w.s.context.ServletWebServerApplicationContext.prepareWebApplicationContext:289 -Root WebApplicationContext: initialization completed in 2915 ms
2021-10-11 13:56:57.217 INFO [main]org.springframework.boot.web.servlet.RegistrationBean.register:110 -Servlet UReportServlet was not registered (possibly already registered?)
2021-10-11 13:57:01.018 INFO [main]o.s.scheduling.concurrent.ThreadPoolTaskExecutor.initialize:181 -Initializing ExecutorService 'applicationTaskExecutor'
2021-10-11 13:57:01.462 INFO [main]com.alibaba.druid.pool.DruidDataSource.init:985 -{dataSource-1} inited
2021-10-11 13:57:03.699 INFO [main]o.a.e.c.DefaultActiviti5CompatibilityHandlerFactory.createActiviti5CompatibilityHandler:38 -Activiti 5 compatibility handler implementation not found or error during instantiation : org.activiti.compatibility.DefaultActiviti5CompatibilityHandler. Activiti 5 backwards compatibility disabled.
2021-10-11 13:57:05.101 INFO [main]org.activiti.engine.impl.ProcessEngineImpl.<init>:87 -ProcessEngine default created
2021-10-11 13:57:10.760 INFO [main]com.sss.yunweiadmin.ServletInitializer.logStarted:61 -Started ServletInitializer in 19.441 seconds (JVM running for 49.335)
2021-10-11 13:57:31.358 INFO [main]com.sss.yunweiadmin.ServletInitializer.logStarting:55 -Starting ServletInitializer v1.0 using Java 1.8.0_172 on CN-20191003CFKL with PID 2792 (D:\apache-tomcat-9.0.8\webapps\yunwei\WEB-INF\classes started by Administrator in D:\apache-tomcat-9.0.8\bin)
2021-10-11 13:57:31.368 INFO [main]com.sss.yunweiadmin.ServletInitializer.logStartupProfileInfo:660 -No active profile set, falling back to default profiles: default
2021-10-11 13:57:34.196 INFO [main]o.s.b.w.s.context.ServletWebServerApplicationContext.prepareWebApplicationContext:289 -Root WebApplicationContext: initialization completed in 2674 ms
2021-10-11 13:57:35.888 INFO [main]org.springframework.boot.web.servlet.RegistrationBean.register:110 -Servlet UReportServlet was not registered (possibly already registered?)
2021-10-11 13:57:38.719 INFO [main]o.s.scheduling.concurrent.ThreadPoolTaskExecutor.initialize:181 -Initializing ExecutorService 'applicationTaskExecutor'
2021-10-11 13:57:39.114 INFO [main]com.alibaba.druid.pool.DruidDataSource.init:985 -{dataSource-1} inited
2021-10-11 13:57:40.236 INFO [main]o.a.e.c.DefaultActiviti5CompatibilityHandlerFactory.createActiviti5CompatibilityHandler:38 -Activiti 5 compatibility handler implementation not found or error during instantiation : org.activiti.compatibility.DefaultActiviti5CompatibilityHandler. Activiti 5 backwards compatibility disabled.
2021-10-11 13:57:40.444 INFO [main]org.activiti.engine.impl.ProcessEngineImpl.<init>:87 -ProcessEngine default created
2021-10-11 13:57:44.793 INFO [main]com.sss.yunweiadmin.ServletInitializer.logStarted:61 -Started ServletInitializer in 14.7 seconds (JVM running for 83.369)
2021-10-11 13:58:01.567 INFO [main]com.sss.yunweiadmin.ServletInitializer.logStarting:55 -Starting ServletInitializer using Java 1.8.0_172 on CN-20191003CFKL with PID 2792 (D:\apache-tomcat-9.0.8\webapps\yunwei1\WEB-INF\classes started by Administrator in D:\apache-tomcat-9.0.8\bin)
2021-10-11 13:58:01.575 INFO [main]com.sss.yunweiadmin.ServletInitializer.logStartupProfileInfo:660 -No active profile set, falling back to default profiles: default
2021-10-11 13:58:04.716 INFO [main]o.s.b.w.s.context.ServletWebServerApplicationContext.prepareWebApplicationContext:289 -Root WebApplicationContext: initialization completed in 3023 ms
2021-10-11 13:58:06.027 INFO [main]org.springframework.boot.web.servlet.RegistrationBean.register:110 -Servlet UReportServlet was not registered (possibly already registered?)
2021-10-11 13:58:08.726 INFO [main]o.s.scheduling.concurrent.ThreadPoolTaskExecutor.initialize:181 -Initializing ExecutorService 'applicationTaskExecutor'
2021-10-11 13:58:09.316 INFO [main]com.alibaba.druid.pool.DruidDataSource.init:985 -{dataSource-1} inited
2021-10-11 13:58:10.668 INFO [main]o.a.e.c.DefaultActiviti5CompatibilityHandlerFactory.createActiviti5CompatibilityHandler:38 -Activiti 5 compatibility handler implementation not found or error during instantiation : org.activiti.compatibility.DefaultActiviti5CompatibilityHandler. Activiti 5 backwards compatibility disabled.
2021-10-11 13:58:11.054 INFO [main]org.activiti.engine.impl.ProcessEngineImpl.<init>:87 -ProcessEngine default created
2021-10-11 13:58:19.834 INFO [main]com.sss.yunweiadmin.ServletInitializer.logStarted:61 -Started ServletInitializer in 19.53 seconds (JVM running for 118.409)
2021-10-11 13:58:23.741 INFO [http-nio-8080-exec-1]org.springframework.web.servlet.DispatcherServlet.initServletBean:525 -Initializing Servlet 'dispatcherServlet'
2021-10-11 13:58:23.754 INFO [http-nio-8080-exec-1]org.springframework.web.servlet.DispatcherServlet.initServletBean:547 -Completed initialization in 2 ms
2021-10-11 13:58:31.381 INFO [ContainerBackgroundProcessor[StandardEngine[Catalina]]]o.s.scheduling.concurrent.ThreadPoolTaskExecutor.shutdown:218 -Shutting down ExecutorService 'applicationTaskExecutor'
2021-10-11 13:58:31.440 INFO [ContainerBackgroundProcessor[StandardEngine[Catalina]]]com.alibaba.druid.pool.DruidDataSource.close:2032 -{dataSource-1} closing ...
2021-10-11 13:58:33.140 INFO [ContainerBackgroundProcessor[StandardEngine[Catalina]]]com.alibaba.druid.pool.DruidDataSource.close:2104 -{dataSource-1} closed
2021-10-11 17:53:28.260 INFO [main]com.sss.yunweiadmin.ServletInitializer.logStarting:55 -Starting ServletInitializer v1.0 using Java 1.8.0_172 on CN-20191003CFKL with PID 6280 (D:\apache-tomcat-9.0.8\webapps\yunwei\WEB-INF\classes started by Administrator in D:\apache-tomcat-9.0.8\bin)
2021-10-11 17:53:28.334 INFO [main]com.sss.yunweiadmin.ServletInitializer.logStartupProfileInfo:660 -No active profile set, falling back to default profiles: default
2021-10-11 17:53:31.616 INFO [main]o.s.b.w.s.context.ServletWebServerApplicationContext.prepareWebApplicationContext:289 -Root WebApplicationContext: initialization completed in 3133 ms
2021-10-11 17:53:33.049 INFO [main]org.springframework.boot.web.servlet.RegistrationBean.register:110 -Servlet UReportServlet was not registered (possibly already registered?)
2021-10-11 17:53:36.521 INFO [main]o.s.scheduling.concurrent.ThreadPoolTaskExecutor.initialize:181 -Initializing ExecutorService 'applicationTaskExecutor'
2021-10-11 17:53:36.971 INFO [main]com.alibaba.druid.pool.DruidDataSource.init:985 -{dataSource-1} inited
2021-10-11 17:53:39.465 INFO [main]o.a.e.c.DefaultActiviti5CompatibilityHandlerFactory.createActiviti5CompatibilityHandler:38 -Activiti 5 compatibility handler implementation not found or error during instantiation : org.activiti.compatibility.DefaultActiviti5CompatibilityHandler. Activiti 5 backwards compatibility disabled.
2021-10-11 17:53:40.267 INFO [main]org.activiti.engine.impl.ProcessEngineImpl.<init>:87 -ProcessEngine default created
2021-10-11 17:53:47.093 INFO [main]com.sss.yunweiadmin.ServletInitializer.logStarted:61 -Started ServletInitializer in 19.988 seconds (JVM running for 46.938)
2021-10-11 18:11:55.697 INFO [main]com.sss.yunweiadmin.ServletInitializer.logStarting:55 -Starting ServletInitializer v1.0 using Java 1.8.0_172 on CN-20191003CFKL with PID 1200 (D:\apache-tomcat-9.0.8\webapps\yunwei\WEB-INF\classes started by Administrator in D:\apache-tomcat-9.0.8\bin)
2021-10-11 18:11:55.705 INFO [main]com.sss.yunweiadmin.ServletInitializer.logStartupProfileInfo:660 -No active profile set, falling back to default profiles: default
2021-10-11 18:11:59.055 INFO [main]o.s.b.w.s.context.ServletWebServerApplicationContext.prepareWebApplicationContext:289 -Root WebApplicationContext: initialization completed in 3218 ms
2021-10-11 18:12:00.454 INFO [main]org.springframework.boot.web.servlet.RegistrationBean.register:110 -Servlet UReportServlet was not registered (possibly already registered?)
2021-10-11 18:12:04.225 INFO [main]o.s.scheduling.concurrent.ThreadPoolTaskExecutor.initialize:181 -Initializing ExecutorService 'applicationTaskExecutor'
2021-10-11 18:12:04.656 INFO [main]com.alibaba.druid.pool.DruidDataSource.init:985 -{dataSource-1} inited
2021-10-11 18:12:06.438 INFO [main]o.a.e.c.DefaultActiviti5CompatibilityHandlerFactory.createActiviti5CompatibilityHandler:38 -Activiti 5 compatibility handler implementation not found or error during instantiation : org.activiti.compatibility.DefaultActiviti5CompatibilityHandler. Activiti 5 backwards compatibility disabled.
2021-10-11 18:12:07.285 INFO [main]org.activiti.engine.impl.ProcessEngineImpl.<init>:87 -ProcessEngine default created
2021-10-11 18:12:12.337 INFO [main]com.sss.yunweiadmin.ServletInitializer.logStarted:61 -Started ServletInitializer in 17.793 seconds (JVM running for 99.149)
2021-10-11 18:12:19.095 INFO [http-nio-8080-exec-7]org.springframework.web.servlet.DispatcherServlet.initServletBean:525 -Initializing Servlet 'dispatcherServlet'
2021-10-11 18:12:19.102 INFO [http-nio-8080-exec-7]org.springframework.web.servlet.DispatcherServlet.initServletBean:547 -Completed initialization in 4 ms
2021-10-11 19:27:45.983 WARN [http-nio-8080-exec-2]o.s.w.s.m.m.annotation.ExceptionHandlerExceptionResolver.doResolveHandlerMethodException:434 -Failure in @ExceptionHandler com.sss.yunweiadmin.common.config.ExceptionHandle#handleException(HttpServletRequest, Exception)
java.lang.NullPointerException: null
	at com.sss.yunweiadmin.common.config.ExceptionHandle.handleException(ExceptionHandle.java:24)
	at sun.reflect.NativeMethodAccessorImpl.invoke0(Native Method)
	at sun.reflect.NativeMethodAccessorImpl.invoke(NativeMethodAccessorImpl.java:62)
	at sun.reflect.DelegatingMethodAccessorImpl.invoke(DelegatingMethodAccessorImpl.java:43)
	at java.lang.reflect.Method.invoke(Method.java:498)
	at org.springframework.web.method.support.InvocableHandlerMethod.doInvoke(InvocableHandlerMethod.java:197)
	at org.springframework.web.method.support.InvocableHandlerMethod.invokeForRequest(InvocableHandlerMethod.java:141)
	at org.springframework.web.servlet.mvc.method.annotation.ServletInvocableHandlerMethod.invokeAndHandle(ServletInvocableHandlerMethod.java:106)
	at org.springframework.web.servlet.mvc.method.annotation.ExceptionHandlerExceptionResolver.doResolveHandlerMethodException(ExceptionHandlerExceptionResolver.java:428)
	at org.springframework.web.servlet.handler.AbstractHandlerMethodExceptionResolver.doResolveException(AbstractHandlerMethodExceptionResolver.java:75)
	at org.springframework.web.servlet.handler.AbstractHandlerExceptionResolver.resolveException(AbstractHandlerExceptionResolver.java:141)
	at org.springframework.web.servlet.handler.HandlerExceptionResolverComposite.resolveException(HandlerExceptionResolverComposite.java:80)
	at org.springframework.web.servlet.DispatcherServlet.processHandlerException(DispatcherServlet.java:1320)
	at org.springframework.web.servlet.DispatcherServlet.processDispatchResult(DispatcherServlet.java:1131)
	at org.springframework.web.servlet.DispatcherServlet.doDispatch(DispatcherServlet.java:1077)
	at org.springframework.web.servlet.DispatcherServlet.doService(DispatcherServlet.java:962)
	at org.springframework.web.servlet.FrameworkServlet.processRequest(FrameworkServlet.java:1006)
	at org.springframework.web.servlet.FrameworkServlet.doGet(FrameworkServlet.java:898)
	at javax.servlet.http.HttpServlet.service(HttpServlet.java:634)
	at org.springframework.web.servlet.FrameworkServlet.service(FrameworkServlet.java:883)
	at javax.servlet.http.HttpServlet.service(HttpServlet.java:741)
	at org.apache.catalina.core.ApplicationFilterChain.internalDoFilter(ApplicationFilterChain.java:231)
	at org.apache.catalina.core.ApplicationFilterChain.doFilter(ApplicationFilterChain.java:166)
	at org.apache.tomcat.websocket.server.WsFilter.doFilter(WsFilter.java:53)
	at org.apache.catalina.core.ApplicationFilterChain.internalDoFilter(ApplicationFilterChain.java:193)
	at org.apache.catalina.core.ApplicationFilterChain.doFilter(ApplicationFilterChain.java:166)
	at com.alibaba.druid.support.http.WebStatFilter.doFilter(WebStatFilter.java:124)
	at org.apache.catalina.core.ApplicationFilterChain.internalDoFilter(ApplicationFilterChain.java:193)
	at org.apache.catalina.core.ApplicationFilterChain.doFilter(ApplicationFilterChain.java:166)
	at org.springframework.boot.web.servlet.support.ErrorPageFilter.doFilter(ErrorPageFilter.java:126)
	at org.springframework.boot.web.servlet.support.ErrorPageFilter.access$000(ErrorPageFilter.java:64)
	at org.springframework.boot.web.servlet.support.ErrorPageFilter$1.doFilterInternal(ErrorPageFilter.java:101)
	at org.springframework.web.filter.OncePerRequestFilter.doFilter(OncePerRequestFilter.java:119)
	at org.springframework.boot.web.servlet.support.ErrorPageFilter.doFilter(ErrorPageFilter.java:119)
	at org.apache.catalina.core.ApplicationFilterChain.internalDoFilter(ApplicationFilterChain.java:193)
	at org.apache.catalina.core.ApplicationFilterChain.doFilter(ApplicationFilterChain.java:166)
	at org.springframework.web.filter.CharacterEncodingFilter.doFilterInternal(CharacterEncodingFilter.java:201)
	at org.springframework.web.filter.OncePerRequestFilter.doFilter(OncePerRequestFilter.java:119)
	at org.apache.catalina.core.ApplicationFilterChain.internalDoFilter(ApplicationFilterChain.java:193)
	at org.apache.catalina.core.ApplicationFilterChain.doFilter(ApplicationFilterChain.java:166)
	at org.apache.catalina.core.StandardWrapperValve.invoke(StandardWrapperValve.java:199)
	at org.apache.catalina.core.StandardContextValve.invoke(StandardContextValve.java:96)
	at org.apache.catalina.authenticator.AuthenticatorBase.invoke(AuthenticatorBase.java:494)
	at org.apache.catalina.core.StandardHostValve.invoke(StandardHostValve.java:139)
	at org.apache.catalina.valves.ErrorReportValve.invoke(ErrorReportValve.java:92)
	at org.apache.catalina.valves.AbstractAccessLogValve.invoke(AbstractAccessLogValve.java:651)
	at org.apache.catalina.core.StandardEngineValve.invoke(StandardEngineValve.java:87)
	at org.apache.catalina.connector.CoyoteAdapter.service(CoyoteAdapter.java:343)
	at org.apache.coyote.http11.Http11Processor.service(Http11Processor.java:412)
	at org.apache.coyote.AbstractProcessorLight.process(AbstractProcessorLight.java:66)
	at org.apache.coyote.AbstractProtocol$ConnectionHandler.process(AbstractProtocol.java:754)
	at org.apache.tomcat.util.net.NioEndpoint$SocketProcessor.doRun(NioEndpoint.java:1385)
	at org.apache.tomcat.util.net.SocketProcessorBase.run(SocketProcessorBase.java:49)
	at java.util.concurrent.ThreadPoolExecutor.runWorker(ThreadPoolExecutor.java:1149)
	at java.util.concurrent.ThreadPoolExecutor$Worker.run(ThreadPoolExecutor.java:624)
	at org.apache.tomcat.util.threads.TaskThread$WrappingRunnable.run(TaskThread.java:61)
	at java.lang.Thread.run(Thread.java:748)
2021-10-11 20:44:36.628 INFO [main]com.sss.yunweiadmin.ServletInitializer.logStarting:55 -Starting ServletInitializer v1.0 using Java 1.8.0_172 on CN-20191003CFKL with PID 5692 (D:\apache-tomcat-9.0.8\webapps\yunwei\WEB-INF\classes started by Administrator in D:\apache-tomcat-9.0.8\bin)
2021-10-11 20:44:36.654 INFO [main]com.sss.yunweiadmin.ServletInitializer.logStartupProfileInfo:660 -No active profile set, falling back to default profiles: default
2021-10-11 20:44:39.523 INFO [main]o.s.b.w.s.context.ServletWebServerApplicationContext.prepareWebApplicationContext:289 -Root WebApplicationContext: initialization completed in 2735 ms
2021-10-11 20:44:40.821 INFO [main]org.springframework.boot.web.servlet.RegistrationBean.register:110 -Servlet UReportServlet was not registered (possibly already registered?)
2021-10-11 20:44:44.130 INFO [main]o.s.scheduling.concurrent.ThreadPoolTaskExecutor.initialize:181 -Initializing ExecutorService 'applicationTaskExecutor'
2021-10-11 20:44:44.575 INFO [main]com.alibaba.druid.pool.DruidDataSource.init:985 -{dataSource-1} inited
2021-10-11 20:44:46.546 INFO [main]o.a.e.c.DefaultActiviti5CompatibilityHandlerFactory.createActiviti5CompatibilityHandler:38 -Activiti 5 compatibility handler implementation not found or error during instantiation : org.activiti.compatibility.DefaultActiviti5CompatibilityHandler. Activiti 5 backwards compatibility disabled.
2021-10-11 20:44:47.254 INFO [main]org.activiti.engine.impl.ProcessEngineImpl.<init>:87 -ProcessEngine default created
2021-10-11 20:44:52.762 INFO [main]com.sss.yunweiadmin.ServletInitializer.logStarted:61 -Started ServletInitializer in 17.26 seconds (JVM running for 45.127)
2021-10-11 20:46:30.573 INFO [http-nio-8088-exec-8]org.springframework.web.servlet.DispatcherServlet.initServletBean:525 -Initializing Servlet 'dispatcherServlet'
2021-10-11 20:46:30.575 INFO [http-nio-8088-exec-8]org.springframework.web.servlet.DispatcherServlet.initServletBean:547 -Completed initialization in 1 ms
2021-10-11 20:46:31.103 WARN [http-nio-8088-exec-8]com.alibaba.druid.pool.DruidAbstractDataSource.testConnectionInternal:1489 -discard long time none received connection. , jdbcUrl : jdbc:mysql://localhost:3306/yunwei?useUnicode=true&characterEncoding=utf-8&useSSL=true&serverTimezone=Asia/Shanghai&nullCatalogMeansCurrent=true, version : 1.2.4, lastPacketReceivedIdleMillis : 103764
