2021-10-27 20:55:17.019 INFO [main]com.sss.yunweiadmin.ServletInitializer.logStarting:55 -Starting ServletInitializer v1.0 using Java 1.8.0_172 on CN-20191003CFKL with PID 8728 (D:\apache-tomcat-9.0.8\webapps\yunwei\WEB-INF\classes started by Administrator in D:\apache-tomcat-9.0.8\bin)
2021-10-27 20:55:17.027 INFO [main]com.sss.yunweiadmin.ServletInitializer.logStartupProfileInfo:660 -No active profile set, falling back to default profiles: default
2021-10-27 20:55:20.133 INFO [main]o.s.b.w.s.context.ServletWebServerApplicationContext.prepareWebApplicationContext:289 -Root WebApplicationContext: initialization completed in 2970 ms
2021-10-27 20:55:21.871 INFO [main]org.springframework.boot.web.servlet.RegistrationBean.register:110 -Servlet UReportServlet was not registered (possibly already registered?)
2021-10-27 20:55:26.253 INFO [main]o.s.scheduling.concurrent.ThreadPoolTaskExecutor.initialize:181 -Initializing ExecutorService 'applicationTaskExecutor'
2021-10-27 20:55:26.709 INFO [main]com.alibaba.druid.pool.DruidDataSource.init:985 -{dataSource-1} inited
2021-10-27 20:55:28.158 INFO [main]o.a.e.c.DefaultActiviti5CompatibilityHandlerFactory.createActiviti5CompatibilityHandler:38 -Activiti 5 compatibility handler implementation not found or error during instantiation : org.activiti.compatibility.DefaultActiviti5CompatibilityHandler. Activiti 5 backwards compatibility disabled.
2021-10-27 20:55:28.517 INFO [main]org.activiti.engine.impl.ProcessEngineImpl.<init>:87 -ProcessEngine default created
2021-10-27 20:55:33.178 INFO [main]com.sss.yunweiadmin.ServletInitializer.logStarted:61 -Started ServletInitializer in 17.376 seconds (JVM running for 43.43)
2021-10-27 20:56:16.389 INFO [Thread-7]o.s.scheduling.concurrent.ThreadPoolTaskExecutor.shutdown:218 -Shutting down ExecutorService 'applicationTaskExecutor'
2021-10-27 20:56:16.393 INFO [Thread-7]com.alibaba.druid.pool.DruidDataSource.close:2032 -{dataSource-1} closing ...
2021-10-27 20:56:16.454 INFO [Thread-7]com.alibaba.druid.pool.DruidDataSource.close:2104 -{dataSource-1} closed
2021-10-27 20:59:57.754 INFO [main]com.sss.yunweiadmin.ServletInitializer.logStarting:55 -Starting ServletInitializer v1.0 using Java 1.8.0_172 on CN-20191003CFKL with PID 18448 (D:\apache-tomcat-9.0.8\webapps\yunwei\WEB-INF\classes started by Administrator in D:\apache-tomcat-9.0.8\bin)
2021-10-27 20:59:57.765 INFO [main]com.sss.yunweiadmin.ServletInitializer.logStartupProfileInfo:660 -No active profile set, falling back to default profiles: default
2021-10-27 21:00:01.208 INFO [main]o.s.b.w.s.context.ServletWebServerApplicationContext.prepareWebApplicationContext:289 -Root WebApplicationContext: initialization completed in 3289 ms
2021-10-27 21:00:02.460 INFO [main]org.springframework.boot.web.servlet.RegistrationBean.register:110 -Servlet UReportServlet was not registered (possibly already registered?)
2021-10-27 21:00:05.848 INFO [main]o.s.scheduling.concurrent.ThreadPoolTaskExecutor.initialize:181 -Initializing ExecutorService 'applicationTaskExecutor'
2021-10-27 21:00:15.303 INFO [main]com.alibaba.druid.pool.DruidDataSource.init:985 -{dataSource-1} inited
2021-10-27 21:00:16.648 INFO [main]o.a.e.c.DefaultActiviti5CompatibilityHandlerFactory.createActiviti5CompatibilityHandler:38 -Activiti 5 compatibility handler implementation not found or error during instantiation : org.activiti.compatibility.DefaultActiviti5CompatibilityHandler. Activiti 5 backwards compatibility disabled.
2021-10-27 21:00:16.806 INFO [main]org.activiti.engine.impl.ProcessEngineImpl.<init>:87 -ProcessEngine default created
2021-10-27 21:00:20.974 INFO [main]com.sss.yunweiadmin.ServletInitializer.logStarted:61 -Started ServletInitializer in 24.561 seconds (JVM running for 39.361)
2021-10-27 21:00:21.257 INFO [http-nio-8088-exec-1]org.springframework.web.servlet.DispatcherServlet.initServletBean:525 -Initializing Servlet 'dispatcherServlet'
2021-10-27 21:00:21.262 INFO [http-nio-8088-exec-1]org.springframework.web.servlet.DispatcherServlet.initServletBean:547 -Completed initialization in 3 ms
2021-10-27 21:05:25.833 INFO [main]com.sss.yunweiadmin.YunweiAdminApplication.logStarting:55 -Starting YunweiAdminApplication using Java 1.8.0_172 on CN-20191003CFKL with PID 18936 (E:\project\yunwei-admin(历史版本，含SQL)\yunwei-admin（改成noform前）\target\classes started by Administrator in E:\project\yunwei-admin(历史版本，含SQL)\yunwei-admin（改成noform前）)
2021-10-27 21:05:25.840 INFO [main]com.sss.yunweiadmin.YunweiAdminApplication.logStartupProfileInfo:660 -No active profile set, falling back to default profiles: default
2021-10-27 21:05:32.215 INFO [main]o.s.boot.web.embedded.tomcat.TomcatWebServer.initialize:108 -Tomcat initialized with port(s): 8080 (http)
2021-10-27 21:05:32.271 INFO [main]org.apache.coyote.http11.Http11NioProtocol.log:173 -Initializing ProtocolHandler ["http-nio-8080"]
2021-10-27 21:05:32.272 INFO [main]org.apache.catalina.core.StandardService.log:173 -Starting service [Tomcat]
2021-10-27 21:05:32.272 INFO [main]org.apache.catalina.core.StandardEngine.log:173 -Starting Servlet engine: [Apache Tomcat/9.0.41]
2021-10-27 21:05:32.556 INFO [main]o.a.c.core.ContainerBase.[Tomcat].[localhost].[/yunwei].log:173 -Initializing Spring embedded WebApplicationContext
2021-10-27 21:05:32.557 INFO [main]o.s.b.w.s.context.ServletWebServerApplicationContext.prepareWebApplicationContext:289 -Root WebApplicationContext: initialization completed in 6477 ms
2021-10-27 21:05:32.671 INFO [main]org.springframework.boot.web.servlet.RegistrationBean.register:110 -Servlet UReportServlet was not registered (possibly already registered?)
2021-10-27 21:05:35.620 INFO [main]o.s.scheduling.concurrent.ThreadPoolTaskExecutor.initialize:181 -Initializing ExecutorService 'applicationTaskExecutor'
2021-10-27 21:05:36.286 INFO [main]com.alibaba.druid.pool.DruidDataSource.init:985 -{dataSource-1} inited
2021-10-27 21:05:37.464 INFO [main]o.a.e.c.DefaultActiviti5CompatibilityHandlerFactory.createActiviti5CompatibilityHandler:38 -Activiti 5 compatibility handler implementation not found or error during instantiation : org.activiti.compatibility.DefaultActiviti5CompatibilityHandler. Activiti 5 backwards compatibility disabled.
2021-10-27 21:05:37.717 INFO [main]org.activiti.engine.impl.ProcessEngineImpl.<init>:87 -ProcessEngine default created
2021-10-27 21:05:42.789 INFO [main]org.apache.coyote.http11.Http11NioProtocol.log:173 -Starting ProtocolHandler ["http-nio-8080"]
2021-10-27 21:05:42.846 INFO [main]o.s.boot.web.embedded.tomcat.TomcatWebServer.start:220 -Tomcat started on port(s): 8080 (http) with context path '/yunwei'
2021-10-27 21:05:42.865 INFO [main]com.sss.yunweiadmin.YunweiAdminApplication.logStarted:61 -Started YunweiAdminApplication in 19.035 seconds (JVM running for 27.369)
2021-10-27 21:06:18.976 INFO [Thread-7]o.s.scheduling.concurrent.ThreadPoolTaskExecutor.shutdown:218 -Shutting down ExecutorService 'applicationTaskExecutor'
2021-10-27 21:06:18.979 INFO [Thread-7]com.alibaba.druid.pool.DruidDataSource.close:2032 -{dataSource-1} closing ...
2021-10-27 21:10:20.407 INFO [http-nio-8080-exec-4]o.a.c.core.ContainerBase.[Tomcat].[localhost].[/yunwei].log:173 -Initializing Spring DispatcherServlet 'dispatcherServlet'
2021-10-27 21:10:20.408 INFO [http-nio-8080-exec-4]org.springframework.web.servlet.DispatcherServlet.initServletBean:525 -Initializing Servlet 'dispatcherServlet'
2021-10-27 21:10:20.412 INFO [http-nio-8080-exec-4]org.springframework.web.servlet.DispatcherServlet.initServletBean:547 -Completed initialization in 4 ms
2021-10-27 21:10:20.766 WARN [http-nio-8080-exec-4]o.s.w.s.m.m.annotation.ExceptionHandlerExceptionResolver.doResolveHandlerMethodException:434 -Failure in @ExceptionHandler com.sss.yunweiadmin.common.config.ExceptionHandle#handleException(HttpServletRequest, Exception)
java.lang.NullPointerException: null
	at com.sss.yunweiadmin.common.config.ExceptionHandle.handleException(ExceptionHandle.java:24)
	at sun.reflect.NativeMethodAccessorImpl.invoke0(Native Method)
	at sun.reflect.NativeMethodAccessorImpl.invoke(NativeMethodAccessorImpl.java:62)
	at sun.reflect.DelegatingMethodAccessorImpl.invoke(DelegatingMethodAccessorImpl.java:43)
	at java.lang.reflect.Method.invoke(Method.java:498)
	at org.springframework.web.method.support.InvocableHandlerMethod.doInvoke(InvocableHandlerMethod.java:197)
	at org.springframework.web.method.support.InvocableHandlerMethod.invokeForRequest(InvocableHandlerMethod.java:141)
	at org.springframework.web.servlet.mvc.method.annotation.ServletInvocableHandlerMethod.invokeAndHandle(ServletInvocableHandlerMethod.java:106)
	at org.springframework.web.servlet.mvc.method.annotation.ExceptionHandlerExceptionResolver.doResolveHandlerMethodException(ExceptionHandlerExceptionResolver.java:428)
	at org.springframework.web.servlet.handler.AbstractHandlerMethodExceptionResolver.doResolveException(AbstractHandlerMethodExceptionResolver.java:75)
	at org.springframework.web.servlet.handler.AbstractHandlerExceptionResolver.resolveException(AbstractHandlerExceptionResolver.java:141)
	at org.springframework.web.servlet.handler.HandlerExceptionResolverComposite.resolveException(HandlerExceptionResolverComposite.java:80)
	at org.springframework.web.servlet.DispatcherServlet.processHandlerException(DispatcherServlet.java:1320)
	at org.springframework.web.servlet.DispatcherServlet.processDispatchResult(DispatcherServlet.java:1131)
	at org.springframework.web.servlet.DispatcherServlet.doDispatch(DispatcherServlet.java:1077)
	at org.springframework.web.servlet.DispatcherServlet.doService(DispatcherServlet.java:962)
	at org.springframework.web.servlet.FrameworkServlet.processRequest(FrameworkServlet.java:1006)
	at org.springframework.web.servlet.FrameworkServlet.doGet(FrameworkServlet.java:898)
	at javax.servlet.http.HttpServlet.service(HttpServlet.java:626)
	at org.springframework.web.servlet.FrameworkServlet.service(FrameworkServlet.java:883)
	at javax.servlet.http.HttpServlet.service(HttpServlet.java:733)
	at org.apache.catalina.core.ApplicationFilterChain.internalDoFilter(ApplicationFilterChain.java:231)
	at org.apache.catalina.core.ApplicationFilterChain.doFilter(ApplicationFilterChain.java:166)
	at org.apache.tomcat.websocket.server.WsFilter.doFilter(WsFilter.java:53)
	at org.apache.catalina.core.ApplicationFilterChain.internalDoFilter(ApplicationFilterChain.java:193)
	at org.apache.catalina.core.ApplicationFilterChain.doFilter(ApplicationFilterChain.java:166)
	at com.alibaba.druid.support.http.WebStatFilter.doFilter(WebStatFilter.java:124)
	at org.apache.catalina.core.ApplicationFilterChain.internalDoFilter(ApplicationFilterChain.java:193)
	at org.apache.catalina.core.ApplicationFilterChain.doFilter(ApplicationFilterChain.java:166)
	at org.springframework.web.filter.CharacterEncodingFilter.doFilterInternal(CharacterEncodingFilter.java:201)
	at org.springframework.web.filter.OncePerRequestFilter.doFilter(OncePerRequestFilter.java:119)
	at org.apache.catalina.core.ApplicationFilterChain.internalDoFilter(ApplicationFilterChain.java:193)
	at org.apache.catalina.core.ApplicationFilterChain.doFilter(ApplicationFilterChain.java:166)
	at org.apache.catalina.core.StandardWrapperValve.invoke(StandardWrapperValve.java:202)
	at org.apache.catalina.core.StandardContextValve.__invoke(StandardContextValve.java:97)
	at org.apache.catalina.core.StandardContextValve.invoke(StandardContextValve.java:41002)
	at org.apache.catalina.authenticator.AuthenticatorBase.invoke(AuthenticatorBase.java:542)
	at org.apache.catalina.core.StandardHostValve.invoke(StandardHostValve.java:143)
	at org.apache.catalina.valves.ErrorReportValve.invoke(ErrorReportValve.java:92)
	at org.apache.catalina.core.StandardEngineValve.invoke(StandardEngineValve.java:78)
	at org.apache.catalina.connector.CoyoteAdapter.service(CoyoteAdapter.java:343)
	at org.apache.coyote.http11.Http11Processor.service(Http11Processor.java:374)
	at org.apache.coyote.AbstractProcessorLight.process(AbstractProcessorLight.java:65)
	at org.apache.coyote.AbstractProtocol$ConnectionHandler.process(AbstractProtocol.java:888)
	at org.apache.tomcat.util.net.NioEndpoint$SocketProcessor.doRun(NioEndpoint.java:1597)
	at org.apache.tomcat.util.net.SocketProcessorBase.run(SocketProcessorBase.java:49)
	at java.util.concurrent.ThreadPoolExecutor.runWorker(ThreadPoolExecutor.java:1149)
	at java.util.concurrent.ThreadPoolExecutor$Worker.run(ThreadPoolExecutor.java:624)
	at org.apache.tomcat.util.threads.TaskThread$WrappingRunnable.run(TaskThread.java:61)
	at java.lang.Thread.run(Thread.java:748)
2021-10-27 21:11:39.289 WARN [http-nio-8080-exec-6]o.s.w.s.m.m.annotation.ExceptionHandlerExceptionResolver.doResolveHandlerMethodException:434 -Failure in @ExceptionHandler com.sss.yunweiadmin.common.config.ExceptionHandle#handleException(HttpServletRequest, Exception)
java.lang.NullPointerException: null
	at com.sss.yunweiadmin.common.config.ExceptionHandle.handleException(ExceptionHandle.java:24)
	at sun.reflect.NativeMethodAccessorImpl.invoke0(Native Method)
	at sun.reflect.NativeMethodAccessorImpl.invoke(NativeMethodAccessorImpl.java:62)
	at sun.reflect.DelegatingMethodAccessorImpl.invoke(DelegatingMethodAccessorImpl.java:43)
	at java.lang.reflect.Method.invoke(Method.java:498)
	at org.springframework.web.method.support.InvocableHandlerMethod.doInvoke(InvocableHandlerMethod.java:197)
	at org.springframework.web.method.support.InvocableHandlerMethod.invokeForRequest(InvocableHandlerMethod.java:141)
	at org.springframework.web.servlet.mvc.method.annotation.ServletInvocableHandlerMethod.invokeAndHandle(ServletInvocableHandlerMethod.java:106)
	at org.springframework.web.servlet.mvc.method.annotation.ExceptionHandlerExceptionResolver.doResolveHandlerMethodException(ExceptionHandlerExceptionResolver.java:428)
	at org.springframework.web.servlet.handler.AbstractHandlerMethodExceptionResolver.doResolveException(AbstractHandlerMethodExceptionResolver.java:75)
	at org.springframework.web.servlet.handler.AbstractHandlerExceptionResolver.resolveException(AbstractHandlerExceptionResolver.java:141)
	at org.springframework.web.servlet.handler.HandlerExceptionResolverComposite.resolveException(HandlerExceptionResolverComposite.java:80)
	at org.springframework.web.servlet.DispatcherServlet.processHandlerException(DispatcherServlet.java:1320)
	at org.springframework.web.servlet.DispatcherServlet.processDispatchResult(DispatcherServlet.java:1131)
	at org.springframework.web.servlet.DispatcherServlet.doDispatch(DispatcherServlet.java:1077)
	at org.springframework.web.servlet.DispatcherServlet.doService(DispatcherServlet.java:962)
	at org.springframework.web.servlet.FrameworkServlet.processRequest(FrameworkServlet.java:1006)
	at org.springframework.web.servlet.FrameworkServlet.doGet(FrameworkServlet.java:898)
	at javax.servlet.http.HttpServlet.service(HttpServlet.java:626)
	at org.springframework.web.servlet.FrameworkServlet.service(FrameworkServlet.java:883)
	at javax.servlet.http.HttpServlet.service(HttpServlet.java:733)
	at org.apache.catalina.core.ApplicationFilterChain.internalDoFilter(ApplicationFilterChain.java:231)
	at org.apache.catalina.core.ApplicationFilterChain.doFilter(ApplicationFilterChain.java:166)
	at org.apache.tomcat.websocket.server.WsFilter.doFilter(WsFilter.java:53)
	at org.apache.catalina.core.ApplicationFilterChain.internalDoFilter(ApplicationFilterChain.java:193)
	at org.apache.catalina.core.ApplicationFilterChain.doFilter(ApplicationFilterChain.java:166)
	at com.alibaba.druid.support.http.WebStatFilter.doFilter(WebStatFilter.java:124)
	at org.apache.catalina.core.ApplicationFilterChain.internalDoFilter(ApplicationFilterChain.java:193)
	at org.apache.catalina.core.ApplicationFilterChain.doFilter(ApplicationFilterChain.java:166)
	at org.springframework.web.filter.CharacterEncodingFilter.doFilterInternal(CharacterEncodingFilter.java:201)
	at org.springframework.web.filter.OncePerRequestFilter.doFilter(OncePerRequestFilter.java:119)
	at org.apache.catalina.core.ApplicationFilterChain.internalDoFilter(ApplicationFilterChain.java:193)
	at org.apache.catalina.core.ApplicationFilterChain.doFilter(ApplicationFilterChain.java:166)
	at org.apache.catalina.core.StandardWrapperValve.invoke(StandardWrapperValve.java:202)
	at org.apache.catalina.core.StandardContextValve.__invoke(StandardContextValve.java:97)
	at org.apache.catalina.core.StandardContextValve.invoke(StandardContextValve.java:41002)
	at org.apache.catalina.authenticator.AuthenticatorBase.invoke(AuthenticatorBase.java:542)
	at org.apache.catalina.core.StandardHostValve.invoke(StandardHostValve.java:143)
	at org.apache.catalina.valves.ErrorReportValve.invoke(ErrorReportValve.java:92)
	at org.apache.catalina.core.StandardEngineValve.invoke(StandardEngineValve.java:78)
	at org.apache.catalina.connector.CoyoteAdapter.service(CoyoteAdapter.java:343)
	at org.apache.coyote.http11.Http11Processor.service(Http11Processor.java:374)
	at org.apache.coyote.AbstractProcessorLight.process(AbstractProcessorLight.java:65)
	at org.apache.coyote.AbstractProtocol$ConnectionHandler.process(AbstractProtocol.java:888)
	at org.apache.tomcat.util.net.NioEndpoint$SocketProcessor.doRun(NioEndpoint.java:1597)
	at org.apache.tomcat.util.net.SocketProcessorBase.run(SocketProcessorBase.java:49)
	at java.util.concurrent.ThreadPoolExecutor.runWorker(ThreadPoolExecutor.java:1149)
	at java.util.concurrent.ThreadPoolExecutor$Worker.run(ThreadPoolExecutor.java:624)
	at org.apache.tomcat.util.threads.TaskThread$WrappingRunnable.run(TaskThread.java:61)
	at java.lang.Thread.run(Thread.java:748)
2021-10-27 21:11:56.942 WARN [http-nio-8080-exec-8]o.s.w.s.m.m.annotation.ExceptionHandlerExceptionResolver.doResolveHandlerMethodException:434 -Failure in @ExceptionHandler com.sss.yunweiadmin.common.config.ExceptionHandle#handleException(HttpServletRequest, Exception)
java.lang.NullPointerException: null
	at com.sss.yunweiadmin.common.config.ExceptionHandle.handleException(ExceptionHandle.java:24)
	at sun.reflect.NativeMethodAccessorImpl.invoke0(Native Method)
	at sun.reflect.NativeMethodAccessorImpl.invoke(NativeMethodAccessorImpl.java:62)
	at sun.reflect.DelegatingMethodAccessorImpl.invoke(DelegatingMethodAccessorImpl.java:43)
	at java.lang.reflect.Method.invoke(Method.java:498)
	at org.springframework.web.method.support.InvocableHandlerMethod.doInvoke(InvocableHandlerMethod.java:197)
	at org.springframework.web.method.support.InvocableHandlerMethod.invokeForRequest(InvocableHandlerMethod.java:141)
	at org.springframework.web.servlet.mvc.method.annotation.ServletInvocableHandlerMethod.invokeAndHandle(ServletInvocableHandlerMethod.java:106)
	at org.springframework.web.servlet.mvc.method.annotation.ExceptionHandlerExceptionResolver.doResolveHandlerMethodException(ExceptionHandlerExceptionResolver.java:428)
	at org.springframework.web.servlet.handler.AbstractHandlerMethodExceptionResolver.doResolveException(AbstractHandlerMethodExceptionResolver.java:75)
	at org.springframework.web.servlet.handler.AbstractHandlerExceptionResolver.resolveException(AbstractHandlerExceptionResolver.java:141)
	at org.springframework.web.servlet.handler.HandlerExceptionResolverComposite.resolveException(HandlerExceptionResolverComposite.java:80)
	at org.springframework.web.servlet.DispatcherServlet.processHandlerException(DispatcherServlet.java:1320)
	at org.springframework.web.servlet.DispatcherServlet.processDispatchResult(DispatcherServlet.java:1131)
	at org.springframework.web.servlet.DispatcherServlet.doDispatch(DispatcherServlet.java:1077)
	at org.springframework.web.servlet.DispatcherServlet.doService(DispatcherServlet.java:962)
	at org.springframework.web.servlet.FrameworkServlet.processRequest(FrameworkServlet.java:1006)
	at org.springframework.web.servlet.FrameworkServlet.doGet(FrameworkServlet.java:898)
	at javax.servlet.http.HttpServlet.service(HttpServlet.java:626)
	at org.springframework.web.servlet.FrameworkServlet.service(FrameworkServlet.java:883)
	at javax.servlet.http.HttpServlet.service(HttpServlet.java:733)
	at org.apache.catalina.core.ApplicationFilterChain.internalDoFilter(ApplicationFilterChain.java:231)
	at org.apache.catalina.core.ApplicationFilterChain.doFilter(ApplicationFilterChain.java:166)
	at org.apache.tomcat.websocket.server.WsFilter.doFilter(WsFilter.java:53)
	at org.apache.catalina.core.ApplicationFilterChain.internalDoFilter(ApplicationFilterChain.java:193)
	at org.apache.catalina.core.ApplicationFilterChain.doFilter(ApplicationFilterChain.java:166)
	at com.alibaba.druid.support.http.WebStatFilter.doFilter(WebStatFilter.java:124)
	at org.apache.catalina.core.ApplicationFilterChain.internalDoFilter(ApplicationFilterChain.java:193)
	at org.apache.catalina.core.ApplicationFilterChain.doFilter(ApplicationFilterChain.java:166)
	at org.springframework.web.filter.CharacterEncodingFilter.doFilterInternal(CharacterEncodingFilter.java:201)
	at org.springframework.web.filter.OncePerRequestFilter.doFilter(OncePerRequestFilter.java:119)
	at org.apache.catalina.core.ApplicationFilterChain.internalDoFilter(ApplicationFilterChain.java:193)
	at org.apache.catalina.core.ApplicationFilterChain.doFilter(ApplicationFilterChain.java:166)
	at org.apache.catalina.core.StandardWrapperValve.invoke(StandardWrapperValve.java:202)
	at org.apache.catalina.core.StandardContextValve.__invoke(StandardContextValve.java:97)
	at org.apache.catalina.core.StandardContextValve.invoke(StandardContextValve.java:41002)
	at org.apache.catalina.authenticator.AuthenticatorBase.invoke(AuthenticatorBase.java:542)
	at org.apache.catalina.core.StandardHostValve.invoke(StandardHostValve.java:143)
	at org.apache.catalina.valves.ErrorReportValve.invoke(ErrorReportValve.java:92)
	at org.apache.catalina.core.StandardEngineValve.invoke(StandardEngineValve.java:78)
	at org.apache.catalina.connector.CoyoteAdapter.service(CoyoteAdapter.java:343)
	at org.apache.coyote.http11.Http11Processor.service(Http11Processor.java:374)
	at org.apache.coyote.AbstractProcessorLight.process(AbstractProcessorLight.java:65)
	at org.apache.coyote.AbstractProtocol$ConnectionHandler.process(AbstractProtocol.java:888)
	at org.apache.tomcat.util.net.NioEndpoint$SocketProcessor.doRun(NioEndpoint.java:1597)
	at org.apache.tomcat.util.net.SocketProcessorBase.run(SocketProcessorBase.java:49)
	at java.util.concurrent.ThreadPoolExecutor.runWorker(ThreadPoolExecutor.java:1149)
	at java.util.concurrent.ThreadPoolExecutor$Worker.run(ThreadPoolExecutor.java:624)
	at org.apache.tomcat.util.threads.TaskThread$WrappingRunnable.run(TaskThread.java:61)
	at java.lang.Thread.run(Thread.java:748)
2021-10-27 23:03:31.636 INFO [main]com.sss.yunweiadmin.ServletInitializer.logStarting:55 -Starting ServletInitializer v1.0 using Java 1.8.0_172 on CN-20191003CFKL with PID 18636 (D:\apache-tomcat-9.0.8\webapps\yunwei\WEB-INF\classes started by Administrator in D:\apache-tomcat-9.0.8\bin)
2021-10-27 23:03:31.645 INFO [main]com.sss.yunweiadmin.ServletInitializer.logStartupProfileInfo:660 -No active profile set, falling back to default profiles: default
2021-10-27 23:03:35.083 INFO [main]o.s.b.w.s.context.ServletWebServerApplicationContext.prepareWebApplicationContext:289 -Root WebApplicationContext: initialization completed in 3296 ms
2021-10-27 23:03:36.543 INFO [main]org.springframework.boot.web.servlet.RegistrationBean.register:110 -Servlet UReportServlet was not registered (possibly already registered?)
2021-10-27 23:03:40.083 INFO [main]o.s.scheduling.concurrent.ThreadPoolTaskExecutor.initialize:181 -Initializing ExecutorService 'applicationTaskExecutor'
2021-10-27 23:03:40.548 INFO [main]com.alibaba.druid.pool.DruidDataSource.init:985 -{dataSource-1} inited
2021-10-27 23:03:41.829 INFO [main]o.a.e.c.DefaultActiviti5CompatibilityHandlerFactory.createActiviti5CompatibilityHandler:38 -Activiti 5 compatibility handler implementation not found or error during instantiation : org.activiti.compatibility.DefaultActiviti5CompatibilityHandler. Activiti 5 backwards compatibility disabled.
2021-10-27 23:03:42.067 INFO [main]org.activiti.engine.impl.ProcessEngineImpl.<init>:87 -ProcessEngine default created
2021-10-27 23:03:47.137 INFO [main]com.sss.yunweiadmin.ServletInitializer.logStarted:61 -Started ServletInitializer in 16.731 seconds (JVM running for 47.45)
2021-10-27 23:03:58.179 INFO [http-nio-8088-exec-3]org.springframework.web.servlet.DispatcherServlet.initServletBean:525 -Initializing Servlet 'dispatcherServlet'
2021-10-27 23:03:58.183 INFO [http-nio-8088-exec-3]org.springframework.web.servlet.DispatcherServlet.initServletBean:547 -Completed initialization in 3 ms
